[2018-11-14 15:07:42,926] ERROR {org.ballerinalang.stdlib.internal.jwt.signature.Sign} - Failed to load private key: kkkk 
org.ballerinalang.util.exceptions.BallerinaException: Failed to load private key: kkkk
	at org.ballerinalang.stdlib.internal.jwt.crypto.KeyStoreHolder.getPrivateKey(KeyStoreHolder.java:82)
	at org.ballerinalang.stdlib.internal.jwt.signature.Sign.execute(Sign.java:73)
	at org.ballerinalang.bre.bvm.BlockingNativeCallableUnit.execute(BlockingNativeCallableUnit.java:35)
	at org.ballerinalang.util.program.BLangFunctions.invokeNativeCallable(BLangFunctions.java:393)
	at org.ballerinalang.util.program.BLangFunctions.invokeCallable(BLangFunctions.java:264)
	at org.ballerinalang.bre.bvm.CPU.tryExec(CPU.java:408)
	at org.ballerinalang.bre.bvm.CPU.exec(CPU.java:159)
	at org.ballerinalang.bre.bvm.BLangScheduler.executeNow(BLangScheduler.java:86)
	at org.ballerinalang.util.program.BLangFunctions.invokeNonNativeCallable(BLangFunctions.java:324)
	at org.ballerinalang.util.program.BLangFunctions.invokeCallable(BLangFunctions.java:271)
	at org.ballerinalang.util.program.BLangFunctions.invokeCallable(BLangFunctions.java:250)
	at org.ballerinalang.util.program.BLangFunctions.invokeCallable(BLangFunctions.java:193)
	at org.ballerinalang.util.program.BLangFunctions.invokeEntrypointCallable(BLangFunctions.java:117)
	at org.ballerinalang.BLangProgramRunner.runEntryFunc(BLangProgramRunner.java:75)
	at org.ballerinalang.launcher.LauncherUtils.runMain(LauncherUtils.java:152)
	at org.ballerinalang.launcher.LauncherUtils.runProgram(LauncherUtils.java:144)
	at org.ballerinalang.launcher.Main$RunCmd.execute(Main.java:277)
	at java.util.Optional.ifPresent(Optional.java:159)
	at org.ballerinalang.launcher.Main.main(Main.java:65)
 
[2018-11-14 15:08:36,493] ERROR {org.ballerinalang.stdlib.internal.jwt.signature.Sign} - Failed to load private key: kkkk 
org.ballerinalang.util.exceptions.BallerinaException: Failed to load private key: kkkk
	at org.ballerinalang.stdlib.internal.jwt.crypto.KeyStoreHolder.getPrivateKey(KeyStoreHolder.java:82)
	at org.ballerinalang.stdlib.internal.jwt.signature.Sign.execute(Sign.java:73)
	at org.ballerinalang.bre.bvm.BlockingNativeCallableUnit.execute(BlockingNativeCallableUnit.java:35)
	at org.ballerinalang.util.program.BLangFunctions.invokeNativeCallable(BLangFunctions.java:393)
	at org.ballerinalang.util.program.BLangFunctions.invokeCallable(BLangFunctions.java:264)
	at org.ballerinalang.bre.bvm.CPU.tryExec(CPU.java:408)
	at org.ballerinalang.bre.bvm.CPU.exec(CPU.java:159)
	at org.ballerinalang.bre.bvm.BLangScheduler.executeNow(BLangScheduler.java:86)
	at org.ballerinalang.util.program.BLangFunctions.invokeNonNativeCallable(BLangFunctions.java:324)
	at org.ballerinalang.util.program.BLangFunctions.invokeCallable(BLangFunctions.java:271)
	at org.ballerinalang.util.program.BLangFunctions.invokeCallable(BLangFunctions.java:250)
	at org.ballerinalang.util.program.BLangFunctions.invokeCallable(BLangFunctions.java:193)
	at org.ballerinalang.util.program.BLangFunctions.invokeEntrypointCallable(BLangFunctions.java:117)
	at org.ballerinalang.BLangProgramRunner.runEntryFunc(BLangProgramRunner.java:75)
	at org.ballerinalang.launcher.LauncherUtils.runMain(LauncherUtils.java:152)
	at org.ballerinalang.launcher.LauncherUtils.runProgram(LauncherUtils.java:144)
	at org.ballerinalang.launcher.Main$RunCmd.execute(Main.java:277)
	at java.util.Optional.ifPresent(Optional.java:159)
	at org.ballerinalang.launcher.Main.main(Main.java:65)
 
